<?xml version="1.0" encoding="UTF-8"?>
<testsuite name="SimpleBankSystemTest" tests="1" skipped="0" failures="0" errors="0" timestamp="2021-11-10T08:52:00" hostname="LAPTOP-TD9HM6GT" time="1.054">
  <properties/>
  <testcase name="start" classname="SimpleBankSystemTest" time="1.054"/>
  <system-out><![CDATA[?[1;31m
Start test 1?[0m
1. Create an account
2. Log into account
0. Exit
> 0
Bye!
?[1;31m
Start test 2?[0m
1. Create an account
2. Log into account
0. Exit
> 0
Bye!
?[1;31m
Start test 3?[0m
1. Create an account
2. Log into account
0. Exit
> 0
Bye!
?[1;31m
Start test 4?[0m
1. Create an account
2. Log into account
0. Exit
> 0
Bye!
?[1;31m
Start test 5?[0m
1. Create an account
2. Log into account
0. Exit
> 1
Your card number:
4000000000551665
Your card PIN:
5166
1. Create an account
2. Log into account
0. Exit
> 1
Your card number:
4000000000825960
Your card PIN:
2596
1. Create an account
2. Log into account
0. Exit
> 1
Your card number:
4000000000843484
Your card PIN:
4348
1. Create an account
2. Log into account
0. Exit
> 1
Your card number:
4000000000448573
Your card PIN:
4857
1. Create an account
2. Log into account
0. Exit
> 1
Your card number:
4000000000725517
Your card PIN:
2551
1. Create an account
2. Log into account
0. Exit
> 0
Bye!
4000000000551665
4000000000825960
4000000000843484
4000000000448573
4000000000725517
?[1;31m
Start test 6?[0m
1. Create an account
2. Log into account
0. Exit
> 1
Your card number:
4000000000254070
Your card PIN:
5407
1. Create an account
2. Log into account
0. Exit
> 2
Enter your card number:
> 4000000000254070
Enter your PIN:
> 5407
You have successfully logged in!
1. Balance
2. Add income
3. Do transfer
4. Close account
5. Log out
0. Exit
> 0
Bye!
?[1;31m
Start test 7?[0m
1. Create an account
2. Log into account
0. Exit
> 1
Your card number:
4000000000651911
Your card PIN:
5191
1. Create an account
2. Log into account
0. Exit
> 2
Enter your card number:
> 4000000000651911
Enter your PIN:
> 6856
1. Create an account
2. Log into account
0. Exit
> 0
Bye!
?[1;31m
Start test 8?[0m
1. Create an account
2. Log into account
0. Exit
> 1
Your card number:
4000000000452914
Your card PIN:
5291
1. Create an account
2. Log into account
0. Exit
> 2
Enter your card number:
> 400000261897073
Enter your PIN:
> 5291
1. Create an account
2. Log into account
0. Exit
> 0
Bye!
?[1;31m
Start test 9?[0m
1. Create an account
2. Log into account
0. Exit
> 1
Your card number:
4000000000530107
Your card PIN:
3010
1. Create an account
2. Log into account
0. Exit
> 2
Enter your card number:
> 4000000000530107
Enter your PIN:
> 3010
You have successfully logged in!
1. Balance
2. Add income
3. Do transfer
4. Close account
5. Log out
0. Exit
> 1
Balance: 0
1. Balance
2. Add income
3. Do transfer
4. Close account
5. Log out
0. Exit
> 0
Bye!
?[1;31m
Start test 10?[0m
1. Create an account
2. Log into account
0. Exit
> 1
Your card number:
4000000000183402
Your card PIN:
8340
1. Create an account
2. Log into account
0. Exit
> 2
Enter your card number:
> 4000000000183402
Enter your PIN:
> 8340
You have successfully logged in!
1. Balance
2. Add income
3. Do transfer
4. Close account
5. Log out
0. Exit
> 2
Enter income:
> 10000
Income was added!
1. Balance
2. Add income
3. Do transfer
4. Close account
5. Log out
0. Exit
> 0
Bye!
1. Create an account
2. Log into account
0. Exit
> 2
Enter your card number:
> 4000000000183402
Enter your PIN:
> 8340
You have successfully logged in!
1. Balance
2. Add income
3. Do transfer
4. Close account
5. Log out
0. Exit
> 2
Enter income:
> 15000
Income was added!
1. Balance
2. Add income
3. Do transfer
4. Close account
5. Log out
0. Exit
> 0
Bye!
?[1;31m
Start test 11?[0m
1. Create an account
2. Log into account
0. Exit
> 1
Your card number:
4000000000798845
Your card PIN:
9884
1. Create an account
2. Log into account
0. Exit
> 1
Your card number:
4000000000653198
Your card PIN:
5319
1. Create an account
2. Log into account
0. Exit
> 2
Enter your card number:
> 4000000000653198
Enter your PIN:
> 5319
You have successfully logged in!
1. Balance
2. Add income
3. Do transfer
4. Close account
5. Log out
0. Exit
> 3
Transfer
Enter card number:
> 2000007269641764
Probably you made a mistake in the card number. Please try again!
1. Balance
2. Add income
3. Do transfer
4. Close account
5. Log out
0. Exit
> 3
Transfer
Enter card number:
> 2000007269641768
Such a card does not exist.
1. Balance
2. Add income
3. Do transfer
4. Close account
5. Log out
0. Exit
> 3
Transfer
Enter card number:
> 4000000000798845
Enter how much money you want to transfer:
> 100000
Not enough money!
1. Balance
2. Add income
3. Do transfer
4. Close account
5. Log out
0. Exit
> 2
Enter income:
> 20000
Income was added!
1. Balance
2. Add income
3. Do transfer
4. Close account
5. Log out
0. Exit
> 3
Transfer
Enter card number:
> 4000000000798845
Enter how much money you want to transfer:
> 10000
Success!
1. Balance
2. Add income
3. Do transfer
4. Close account
5. Log out
0. Exit
> 0
Bye!
?[1;31m
Start test 12?[0m
1. Create an account
2. Log into account
0. Exit
> 1
Your card number:
4000000000899411
Your card PIN:
9941
1. Create an account
2. Log into account
0. Exit
> 2
Enter your card number:
> 4000000000899411
Enter your PIN:
> 9941
You have successfully logged in!
1. Balance
2. Add income
3. Do transfer
4. Close account
5. Log out
0. Exit
> 4
1. Balance
2. Add income
3. Do transfer
4. Close account
5. Log out
0. Exit
> 0
Bye!
]]></system-out>
  <system-err><![CDATA[]]></system-err>
</testsuite>
